Yes
No
Yes
No
No
0
111
1110
10101
11100
100011
101010
110001
111000
111111
1000110
1001101
1010100
1011011
1100010
1101001
1110000
1110111
1111110
10000101
10001100
10010011
10011010
10100001
10101000
10101111
10110110
10111101
11000100
11001011
11010010
11011001
11100000
11100111
11101110
11110101
11111100
100000011
100001010
100010001
100011000
100011111
100100110
100101101
100110100
100111011
101000010
101001001
101010000
101010111
101011110
101100101
101101100
101110011
101111010
110000001
110001000
110001111
110010110
110011101
110100100
110101011
110110010
110111001
111000000
111000111
111001110
111010101
111011100
111100011
111101010
111110001
111111000
111111111
1000000110
1000001101
1000010100
1000011011
1000100010
1000101001
1000110000
1000110111
1000111110
1001000101
1001001100
1001010011
1001011010
1001100001
1001101000
1001101111
1001110110
1001111101
1010000100
1010001011
1010010010
1010011001
1010100000
1010100111
1010101110
1010110101
1010111100
1011000011
1011001010
1011010001
1011011000
1011011111
1011100110
1011101101
1011110100
1011111011
1100000010
1100001001
1100010000
1100010111
1100011110
1100100101
1100101100
1100110011
1100111010
1101000001
1101001000
1101001111
1101010110
1101011101
1101100100
1101101011
1101110010
1101111001
1110000000
1110000111
1110001110
1110010101
1110011100
1110100011
1110101010
1110110001
1110111000
1110111111
1111000110
1111001101
1111010100
1111011011
1111100010
1111101001
1111110000
1111110111
1111111110
10000000101
10000001100
10000010011
10000011010
10000100001
10000101000
10000101111
10000110110
10000111101
10001000100
10001001011
10001010010
10001011001
10001100000
10001100111
10001101110
10001110101
10001111100
10010000011
10010001010
10010010001
10010011000
10010011111
10010100110
10010101101
10010110100
10010111011
10011000010
10011001001
10011010000
10011010111
10011011110
10011100101
10011101100
10011110011
10011111010
10100000001
10100001000
10100001111
10100010110
10100011101
10100100100
10100101011
10100110010
10100111001
10101000000
10101000111
10101001110
10101010101
10101011100
10101100011
10101101010
10101110001
10101111000
10101111111
10110000110
10110001101
10110010100
10110011011
10110100010
10110101001
10110110000
10110110111
10110111110
10111000101
10111001100
10111010011
10111011010
10111100001
10111101000
10111101111
10111110110
10111111101
11000000100
11000001011
11000010010
11000011001
11000100000
11000100111
11000101110
11000110101
11000111100
11001000011
11001001010
11001010001
11001011000
11001011111
11001100110
11001101101
11001110100
11001111011
11010000010
11010001001
11010010000
11010010111
11010011110
11010100101
11010101100
11010110011
11010111010
11011000001
11011001000
11011001111
11011010110
11011011101
11011100100
11011101011
11011110010
11011111001
11100000000
11100000111
11100001110
11100010101
11100011100
11100100011
11100101010
11100110001
11100111000
11100111111
11101000110
11101001101
11101010100
11101011011
11101100010
11101101001
11101110000
11101110111
11101111110
11110000101
11110001100
11110010011
11110011010
11110100001
11110101000
11110101111
11110110110
11110111101
11111000100
11111001011
11111010010
11111011001
11111100000
11111100111
11111101110
11111110101
11111111100
100000000011
100000001010
100000010001
100000011000
100000011111
100000100110
100000101101
100000110100
100000111011
100001000010
100001001001
100001010000
100001010111
100001011110
100001100101
100001101100
100001110011
100001111010
100010000001
100010001000
100010001111
100010010110
100010011101
100010100100
100010101011
100010110010
100010111001
100011000000
100011000111
100011001110
100011010101
100011011100
100011100011
100011101010
100011110001
100011111000
100011111111
100100000110
100100001101
100100010100
100100011011
100100100010
100100101001
100100110000
100100110111
100100111110
100101000101
100101001100
100101010011
100101011010
100101100001
100101101000
100101101111
100101110110
100101111101
100110000100
100110001011
100110010010
100110011001
100110100000
100110100111
100110101110
100110110101
100110111100
100111000011
100111001010
100111010001
100111011000
100111011111
100111100110
100111101101
100111110100
100111111011
101000000010
101000001001
101000010000
101000010111
101000011110
101000100101
101000101100
101000110011
101000111010
101001000001
101001001000
101001001111
101001010110
101001011101
101001100100
101001101011
101001110010
101001111001
101010000000
101010000111
101010001110
101010010101
101010011100
101010100011
101010101010
101010110001
101010111000
101010111111
101011000110
101011001101
101011010100
101011011011
101011100010
101011101001
101011110000
101011110111
101011111110
101100000101
101100001100
101100010011
101100011010
101100100001
101100101000
101100101111
101100110110
101100111101
101101000100
101101001011
101101010010
101101011001
101101100000
101101100111
101101101110
101101110101
101101111100
101110000011
101110001010
101110010001
101110011000
101110011111
101110100110
101110101101
101110110100
101110111011
101111000010
101111001001
101111010000
101111010111
101111011110
101111100101
101111101100
101111110011
101111111010
110000000001
110000001000
110000001111
110000010110
110000011101
110000100100
110000101011
110000110010
110000111001
110001000000
110001000111
110001001110
110001010101
110001011100
110001100011
110001101010
110001110001
110001111000
110001111111
110010000110
110010001101
110010010100
110010011011
110010100010
110010101001
110010110000
110010110111
110010111110
110011000101
110011001100
110011010011
110011011010
110011100001
110011101000
110011101111
110011110110
110011111101
110100000100
110100001011
110100010010
110100011001
110100100000
110100100111
110100101110
110100110101
110100111100
110101000011
110101001010
110101010001
110101011000
110101011111
110101100110
110101101101
110101110100
110101111011
110110000010
110110001001
110110010000
110110010111
110110011110
110110100101
110110101100
110110110011
110110111010
110111000001
110111001000
110111001111
110111010110
110111011101
110111100100
110111101011
110111110010
110111111001
111000000000
111000000111
111000001110
111000010101
111000011100
111000100011
111000101010
111000110001
111000111000
111000111111
111001000110
111001001101
111001010100
111001011011
111001100010
111001101001
111001110000
111001110111
111001111110
111010000101
111010001100
111010010011
111010011010
111010100001
111010101000
111010101111
111010110110
111010111101
111011000100
111011001011
111011010010
111011011001
111011100000
111011100111
111011101110
111011110101
111011111100
111100000011
111100001010
111100010001
111100011000
111100011111
111100100110
111100101101
111100110100
111100111011
111101000010
111101001001
111101010000
111101010111
111101011110
111101100101
111101101100
111101110011
111101111010
111110000001
111110001000
111110001111
111110010110
111110011101
111110100100
111110101011
111110110010
111110111001
111111000000
111111000111
111111001110
111111010101
111111011100
111111100011
111111101010
111111110001
111111111000
111111111111
1000000000110
1000000001101
1000000010100
1000000011011
1000000100010
1000000101001
1000000110000
1000000110111
1000000111110
1000001000101
1000001001100
1000001010011
1000001011010
1000001100001
1000001101000
1000001101111
1000001110110
1000001111101
1000010000100
1000010001011
1000010010010
1000010011001
1000010100000
1000010100111
1000010101110
1000010110101
1000010111100
1000011000011
1000011001010
1000011010001
1000011011000
1000011011111
1000011100110
1000011101101
1000011110100
1000011111011
1000100000010
1000100001001
1000100010000
1000100010111
1000100011110
1000100100101
1000100101100
1000100110011
1000100111010
1000101000001
1000101001000
1000101001111
1000101010110
1000101011101
1000101100100
1000101101011
1000101110010
1000101111001
1000110000000
1000110000111
1000110001110
1000110010101
1000110011100
1000110100011
1000110101010
1000110110001
1000110111000
1000110111111
1000111000110
1000111001101
1000111010100
1000111011011
1000111100010
1000111101001
1000111110000
1000111110111
1000111111110
1001000000101
1001000001100
1001000010011
1001000011010
1001000100001
1001000101000
1001000101111
1001000110110
1001000111101
1001001000100
1001001001011
1001001010010
1001001011001
1001001100000
1001001100111
1001001101110
1001001110101
1001001111100
1001010000011
1001010001010
1001010010001
1001010011000
1001010011111
1001010100110
1001010101101
1001010110100
1001010111011
1001011000010
1001011001001
1001011010000
1001011010111
1001011011110
1001011100101
1001011101100
1001011110011
1001011111010
1001100000001
1001100001000
1001100001111
1001100010110
1001100011101
1001100100100
1001100101011
1001100110010
1001100111001
1001101000000
1001101000111
1001101001110
1001101010101
1001101011100
1001101100011
1001101101010
1001101110001
1001101111000
1001101111111
1001110000110
1001110001101
1001110010100
1001110011011
1001110100010
1001110101001
1001110110000
1001110110111
1001110111110
1001111000101
1001111001100
1001111010011
1001111011010
1001111100001
1001111101000
1001111101111
1001111110110
1001111111101
1010000000100
1010000001011
1010000010010
1010000011001
1010000100000
1010000100111
1010000101110
1010000110101
1010000111100
1010001000011
1010001001010
1010001010001
1010001011000
1010001011111
1010001100110
1010001101101
1010001110100
1010001111011
1010010000010
1010010001001
1010010010000
1010010010111
1010010011110
1010010100101
1010010101100
1010010110011
1010010111010
1010011000001
1010011001000
1010011001111
1010011010110
1010011011101
1010011100100
1010011101011
1010011110010
1010011111001
1010100000000
1010100000111
1010100001110
1010100010101
1010100011100
1010100100011
1010100101010
1010100110001
1010100111000
1010100111111
1010101000110
1010101001101
1010101010100
1010101011011
1010101100010
1010101101001
1010101110000
1010101110111
1010101111110
1010110000101
1010110001100
1010110010011
1010110011010
1010110100001
1010110101000
1010110101111
1010110110110
1010110111101
1010111000100
1010111001011
1010111010010
1010111011001
1010111100000
1010111100111
1010111101110
1010111110101
1010111111100
1011000000011
1011000001010
1011000010001
1011000011000
1011000011111
1011000100110
1011000101101
1011000110100
1011000111011
1011001000010
1011001001001
1011001010000
1011001010111
1011001011110
1011001100101
1011001101100
1011001110011
1011001111010
1011010000001
1011010001000
1011010001111
1011010010110
1011010011101
1011010100100
1011010101011
1011010110010
1011010111001
1011011000000
1011011000111
1011011001110
1011011010101
1011011011100
1011011100011
1011011101010
1011011110001
1011011111000
1011011111111
1011100000110
1011100001101
1011100010100
1011100011011
1011100100010
1011100101001
1011100110000
1011100110111
1011100111110
1011101000101
1011101001100
1011101010011
1011101011010
1011101100001
1011101101000
1011101101111
1011101110110
1011101111101
1011110000100
1011110001011
1011110010010
1011110011001
1011110100000
1011110100111
1011110101110
1011110110101
1011110111100
1011111000011
1011111001010
1011111010001
1011111011000
1011111011111
1011111100110
1011111101101
1011111110100
1011111111011
1100000000010
1100000001001
1100000010000
1100000010111
1100000011110
1100000100101
1100000101100
1100000110011
1100000111010
1100001000001
1100001001000
1100001001111
1100001010110
1100001011101
1100001100100
1100001101011
1100001110010
1100001111001
1100010000000
1100010000111
1100010001110
1100010010101
1100010011100
1100010100011
1100010101010
1100010110001
1100010111000
1100010111111
1100011000110
1100011001101
1100011010100
1100011011011
1100011100010
1100011101001
1100011110000
1100011110111
1100011111110
1100100000101
1100100001100
1100100010011
1100100011010
1100100100001
1100100101000
1100100101111
1100100110110
1100100111101
1100101000100
1100101001011
1100101010010
1100101011001
1100101100000
1100101100111
1100101101110
1100101110101
1100101111100
1100110000011
1100110001010
1100110010001
1100110011000
1100110011111
1100110100110
1100110101101
1100110110100
1100110111011
1100111000010
1100111001001
1100111010000
1100111010111
1100111011110
1100111100101
1100111101100
1100111110011
1100111111010
1101000000001
1101000001000
1101000001111
1101000010110
1101000011101
1101000100100
1101000101011
1101000110010
1101000111001
1101001000000
1101001000111
1101001001110
1101001010101
1101001011100
1101001100011
1101001101010
1101001110001
1101001111000
1101001111111
1101010000110
1101010001101
1101010010100
1101010011011
1101010100010
1101010101001
1101010110000
1101010110111
1101010111110
1101011000101
1101011001100
1101011010011
1101011011010
1101011100001
1101011101000
1101011101111
1101011110110
1101011111101
1101100000100
1101100001011
1101100010010
1101100011001
1101100100000
1101100100111
1101100101110
1101100110101
1101100111100
1101101000011
1101101001010
1101101010001
1101101011000
1101101011111
1101101100110
1101101101101
1101101110100
1101101111011
1101110000010
1101110001001
1101110010000
1101110010111
1101110011110
1101110100101
1101110101100
1101110110011
1101110111010
1101111000001
1101111001000
1101111001111
1101111010110
1101111011101
1101111100100
1101111101011
1101111110010
1101111111001
1110000000000
1110000000111
1110000001110
1110000010101
1110000011100
1110000100011
1110000101010
1110000110001
1110000111000
1110000111111
1110001000110
1110001001101
1110001010100
1110001011011
1110001100010
1110001101001
1110001110000
1110001110111
1110001111110
1110010000101
1110010001100
1110010010011
1110010011010
1110010100001
1110010101000
1110010101111
1110010110110
1110010111101
1110011000100
1110011001011
1110011010010
1110011011001
1110011100000
1110011100111
1110011101110
1110011110101
1110011111100
1110100000011
1110100001010
1110100010001
1110100011000
1110100011111
1110100100110
1110100101101
1110100110100
1110100111011
1110101000010
1110101001001
1110101010000
1110101010111
1110101011110
1110101100101
1110101101100
1110101110011
1110101111010
1110110000001
1110110001000
1110110001111
1110110010110
1110110011101
1110110100100
1110110101011
1110110110010
1110110111001
1110111000000
1110111000111
1110111001110
1110111010101
1110111011100
1110111100011
1110111101010
1110111110001
1110111111000
1110111111111
1111000000110
1111000001101
1111000010100
1111000011011
1111000100010
1111000101001
1111000110000
1111000110111
1111000111110
1111001000101
1111001001100
1111001010011
1111001011010
1111001100001
1111001101000
1111001101111
1111001110110
1111001111101
1111010000100
1111010001011
1111010010010
1111010011001
1111010100000
1111010100111
1111010101110
1111010110101
1111010111100
1111011000011
1111011001010
1111011010001
1111011011000
1111011011111
1111011100110
1111011101101
1111011110100
1111011111011
1111100000010
1111100001001
1111100010000
1111100010111
1111100011110
1111100100101
1111100101100
1111100110011
1111100111010
1111101000001
1111101001000
1111101001111
1111101010110
1111101011101
1111101100100
1111101101011
1111101110010
1111101111001
1111110000000
1111110000111
1111110001110
1111110010101
1111110011100
1111110100011
1111110101010
1111110110001
1111110111000
1111110111111
1111111000110
1111111001101
1111111010100
1111111011011
1111111100010
1111111101001
1111111110000
1111111110111
1111111111110
10000000000101
10000000001100
10000000010011
10000000011010
10000000100001
10000000101000
10000000101111
10000000110110
10000000111101
10000001000100
10000001001011
10000001010010
10000001011001
10000001100000
10000001100111
10000001101110
10000001110101
10000001111100
10000010000011
10000010001010
10000010010001
10000010011000
10000010011111
10000010100110
10000010101101
10000010110100
10000010111011
10000011000010
10000011001001
10000011010000
10000011010111
10000011011110
10000011100101
10000011101100
10000011110011
10000011111010
10000100000001
10000100001000
10000100001111
10000100010110
10000100011101
10000100100100
10000100101011
10000100110010
10000100111001
10000101000000
10000101000111
10000101001110
10000101010101
10000101011100
10000101100011
10000101101010
10000101110001
10000101111000
10000101111111
10000110000110
10000110001101
10000110010100
10000110011011
10000110100010
10000110101001
10000110110000
10000110110111
10000110111110
10000111000101
10000111001100
10000111010011
10000111011010
10000111100001
10000111101000
10000111101111
10000111110110
10000111111101
10001000000100
10001000001011
10001000010010
10001000011001
10001000100000
10001000100111
10001000101110
10001000110101
10001000111100
10001001000011
10001001001010
10001001010001
10001001011000
10001001011111
10001001100110
10001001101101
10001001110100
10001001111011
10001010000010
10001010001001
10001010010000
10001010010111
10001010011110
10001010100101
10001010101100
10001010110011
10001010111010
10001011000001
10001011001000
10001011001111
10001011010110
10001011011101
10001011100100
10001011101011
10001011110010
10001011111001
10001100000000
10001100000111
10001100001110
10001100010101
10001100011100
10001100100011
10001100101010
10001100110001
10001100111000
10001100111111
10001101000110
10001101001101
10001101010100
10001101011011
10001101100010
10001101101001
10001101110000
10001101110111
10001101111110
10001110000101
10001110001100
10001110010011
10001110011010
10001110100001
10001110101000
10001110101111
10001110110110
10001110111101
10001111000100
10001111001011
10001111010010
10001111011001
10001111100000
10001111100111
10001111101110
10001111110101
10001111111100
10010000000011
10010000001010
10010000010001
10010000011000
10010000011111
10010000100110
10010000101101
10010000110100
10010000111011
10010001000010
10010001001001
10010001010000
10010001010111
10010001011110
10010001100101
10010001101100
10010001110011
10010001111010
10010010000001
10010010001000
10010010001111
10010010010110
10010010011101
10010010100100
10010010101011
10010010110010
10010010111001
10010011000000
10010011000111
10010011001110
10010011010101
10010011011100
10010011100011
10010011101010
10010011110001
10010011111000
10010011111111
10010100000110
10010100001101
10010100010100
10010100011011
10010100100010
10010100101001
10010100110000
10010100110111
10010100111110
10010101000101
10010101001100
10010101010011
10010101011010
10010101100001
10010101101000
10010101101111
10010101110110
10010101111101
10010110000100
10010110001011
10010110010010
10010110011001
10010110100000
10010110100111
10010110101110
10010110110101
10010110111100
10010111000011
10010111001010
10010111010001
10010111011000
10010111011111
10010111100110
10010111101101
10010111110100
10010111111011
10011000000010
10011000001001
10011000010000
10011000010111
10011000011110
10011000100101
10011000101100
10011000110011
10011000111010
10011001000001
10011001001000
10011001001111
10011001010110
10011001011101
10011001100100
10011001101011
10011001110010
10011001111001
10011010000000
10011010000111
10011010001110
10011010010101
10011010011100
10011010100011
10011010101010
10011010110001
10011010111000
10011010111111
10011011000110
10011011001101
10011011010100
10011011011011
10011011100010
10011011101001
10011011110000
10011011110111
10011011111110
10011100000101
10011100001100

=====Time:9
